mmap(NULL, 8192, PROT_READ|PROT_WRITE, MAP_PRIVATE|MAP_ANONYMOUS, -1, 0) = 0x7fdcd0526000
openat(AT_FDCWD, "/etc/ld.so.cache", O_RDONLY|O_CLOEXEC) = 3
mmap(NULL, 59607, PROT_READ, MAP_PRIVATE, 3, 0) = 0x7fdcd0517000
openat(AT_FDCWD, "/lib/x86_64-linux-gnu/libc.so.6", O_RDONLY|O_CLOEXEC) = 3
read(3, "\177ELF\2\1\1\3\0\0\0\0\0\0\0\0\3\0>\0\1\0\0\0P\237\2\0\0\0\0\0"..., 832) = 832
mmap(NULL, 2260560, PROT_READ, MAP_PRIVATE|MAP_DENYWRITE, 3, 0) = 0x7fdcd0200000
mmap(0x7fdcd0228000, 1658880, PROT_READ|PROT_EXEC, MAP_PRIVATE|MAP_FIXED|MAP_DENYWRITE, 3, 0x28000) = 0x7fdcd0228000
mmap(0x7fdcd03bd000, 360448, PROT_READ, MAP_PRIVATE|MAP_FIXED|MAP_DENYWRITE, 3, 0x1bd000) = 0x7fdcd03bd000
mmap(0x7fdcd0415000, 24576, PROT_READ|PROT_WRITE, MAP_PRIVATE|MAP_FIXED|MAP_DENYWRITE, 3, 0x214000) = 0x7fdcd0415000
mmap(0x7fdcd041b000, 52816, PROT_READ|PROT_WRITE, MAP_PRIVATE|MAP_FIXED|MAP_ANONYMOUS, -1, 0) = 0x7fdcd041b000
mmap(NULL, 12288, PROT_READ|PROT_WRITE, MAP_PRIVATE|MAP_ANONYMOUS, -1, 0) = 0x7fdcd0514000
openat(AT_FDCWD, "REQ_PIPE_53306", O_RDONLY) = 3
openat(AT_FDCWD, "RESP_PIPE_53306", O_WRONLY) = 4
read(3, "C", 1)                         = 1
read(3, "R", 1)                         = 1
read(3, "E", 1)                         = 1
read(3, "A", 1)                         = 1
read(3, "T", 1)                         = 1
read(3, "E", 1)                         = 1
read(3, "_", 1)                         = 1
read(3, "S", 1)                         = 1
read(3, "H", 1)                         = 1
read(3, "M", 1)                         = 1
read(3, "#", 1)                         = 1
read(3, "r\305K\0", 4)                  = 4
openat(AT_FDCWD, "/dev/shm/VNZcQM", O_RDWR|O_CREAT|O_NOFOLLOW|O_CLOEXEC, 0664) = 5
mmap(NULL, 4965746, PROT_READ|PROT_WRITE, MAP_SHARED, 5, 0) = 0x7fdccfd43000
read(3, "M", 1)                         = 1
read(3, "A", 1)                         = 1
read(3, "P", 1)                         = 1
read(3, "_", 1)                         = 1
read(3, "F", 1)                         = 1
read(3, "I", 1)                         = 1
read(3, "L", 1)                         = 1
read(3, "E", 1)                         = 1
read(3, "#", 1)                         = 1
read(3, "t", 1)                         = 1
read(3, "e", 1)                         = 1
read(3, "s", 1)                         = 1
read(3, "t", 1)                         = 1
read(3, "_", 1)                         = 1
read(3, "r", 1)                         = 1
read(3, "o", 1)                         = 1
read(3, "o", 1)                         = 1
read(3, "t", 1)                         = 1
read(3, "/", 1)                         = 1
read(3, "h", 1)                         = 1
read(3, "5", 1)                         = 1
read(3, "y", 1)                         = 1
read(3, "j", 1)                         = 1
read(3, "A", 1)                         = 1
read(3, "F", 1)                         = 1
read(3, "q", 1)                         = 1
read(3, "y", 1)                         = 1
read(3, "b", 1)                         = 1
read(3, "F", 1)                         = 1
read(3, ".", 1)                         = 1
read(3, "Z", 1)                         = 1
read(3, "N", 1)                         = 1
read(3, "c", 1)                         = 1
read(3, "#", 1)                         = 1
openat(AT_FDCWD, "test_root/h5yjAFqybF.ZNc", O_RDONLY) = 6
mmap(NULL, 48836, PROT_READ, MAP_PRIVATE, 6, 0) = 0x7fdcd051a000
read(3, "R", 1)                         = 1
read(3, "E", 1)                         = 1
read(3, "A", 1)                         = 1
read(3, "D", 1)                         = 1
read(3, "_", 1)                         = 1
read(3, "F", 1)                         = 1
read(3, "R", 1)                         = 1
read(3, "O", 1)                         = 1
read(3, "M", 1)                         = 1
read(3, "_", 1)                         = 1
read(3, "L", 1)                         = 1
read(3, "O", 1)                         = 1
read(3, "G", 1)                         = 1
read(3, "I", 1)                         = 1
read(3, "C", 1)                         = 1
read(3, "A", 1)                         = 1
read(3, "L", 1)                         = 1
read(3, "_", 1)                         = 1
read(3, "S", 1)                         = 1
read(3, "P", 1)                         = 1
read(3, "A", 1)                         = 1
read(3, "C", 1)                         = 1
read(3, "E", 1)                         = 1
read(3, "_", 1)                         = 1
read(3, "O", 1)                         = 1
read(3, "F", 1)                         = 1
read(3, "F", 1)                         = 1
read(3, "S", 1)                         = 1
read(3, "E", 1)                         = 1
read(3, "T", 1)                         = 1
read(3, "#", 1)                         = 1
read(3, "0\1\0\0", 4)                   = 4
read(3, "\n\1\0\0", 4)                  = 4
read(3, "R", 1)                         = 1
read(3, "E", 1)                         = 1
read(3, "A", 1)                         = 1
read(3, "D", 1)                         = 1
read(3, "_", 1)                         = 1
read(3, "F", 1)                         = 1
read(3, "R", 1)                         = 1
read(3, "O", 1)                         = 1
read(3, "M", 1)                         = 1
read(3, "_", 1)                         = 1
read(3, "L", 1)                         = 1
read(3, "O", 1)                         = 1
read(3, "G", 1)                         = 1
read(3, "I", 1)                         = 1
read(3, "C", 1)                         = 1
read(3, "A", 1)                         = 1
read(3, "L", 1)                         = 1
read(3, "_", 1)                         = 1
read(3, "S", 1)                         = 1
read(3, "P", 1)                         = 1
read(3, "A", 1)                         = 1
read(3, "C", 1)                         = 1
read(3, "E", 1)                         = 1
read(3, "_", 1)                         = 1
read(3, "O", 1)                         = 1
read(3, "F", 1)                         = 1
read(3, "F", 1)                         = 1
read(3, "S", 1)                         = 1
read(3, "E", 1)                         = 1
read(3, "T", 1)                         = 1
read(3, "#", 1)                         = 1
read(3, "\313d\0\0", 4)                 = 4
read(3, "D\2\0\0", 4)                   = 4
read(3, "R", 1)                         = 1
read(3, "E", 1)                         = 1
read(3, "A", 1)                         = 1
read(3, "D", 1)                         = 1
read(3, "_", 1)                         = 1
read(3, "F", 1)                         = 1
read(3, "R", 1)                         = 1
read(3, "O", 1)                         = 1
read(3, "M", 1)                         = 1
read(3, "_", 1)                         = 1
read(3, "L", 1)                         = 1
read(3, "O", 1)                         = 1
read(3, "G", 1)                         = 1
read(3, "I", 1)                         = 1
read(3, "C", 1)                         = 1
read(3, "A", 1)                         = 1
read(3, "L", 1)                         = 1
read(3, "_", 1)                         = 1
read(3, "S", 1)                         = 1
read(3, "P", 1)                         = 1
read(3, "A", 1)                         = 1
read(3, "C", 1)                         = 1
read(3, "E", 1)                         = 1
read(3, "_", 1)                         = 1
read(3, "O", 1)                         = 1
read(3, "F", 1)                         = 1
read(3, "F", 1)                         = 1
read(3, "S", 1)                         = 1
read(3, "E", 1)                         = 1
read(3, "T", 1)                         = 1
read(3, "#", 1)                         = 1
read(3, "T\243\0\0", 4)                 = 4
read(3, "\33\3\0\0", 4)                 = 4
read(3, "R", 1)                         = 1
read(3, "E", 1)                         = 1
read(3, "A", 1)                         = 1
read(3, "D", 1)                         = 1
read(3, "_", 1)                         = 1
read(3, "F", 1)                         = 1
read(3, "R", 1)                         = 1
read(3, "O", 1)                         = 1
read(3, "M", 1)                         = 1
read(3, "_", 1)                         = 1
read(3, "L", 1)                         = 1
read(3, "O", 1)                         = 1
read(3, "G", 1)                         = 1
read(3, "I", 1)                         = 1
read(3, "C", 1)                         = 1
read(3, "A", 1)                         = 1
read(3, "L", 1)                         = 1
read(3, "_", 1)                         = 1
read(3, "S", 1)                         = 1
read(3, "P", 1)                         = 1
read(3, "A", 1)                         = 1
read(3, "C", 1)                         = 1
read(3, "E", 1)                         = 1
read(3, "_", 1)                         = 1
read(3, "O", 1)                         = 1
read(3, "F", 1)                         = 1
read(3, "F", 1)                         = 1
read(3, "S", 1)                         = 1
read(3, "E", 1)                         = 1
read(3, "T", 1)                         = 1
read(3, "#", 1)                         = 1
read(3, "Z\334\0\0", 4)                 = 4
read(3, "\375\10\0\0", 4)               = 4
read(3, "E", 1)                         = 1
read(3, "X", 1)                         = 1
read(3, "I", 1)                         = 1
read(3, "T", 1)                         = 1
read(3, "#", 1)                         = 1
+++ exited with 0 +++
